{"created": 1752739374.3573017, "duration": 224.1676938533783, "exitcode": 1, "root": "C:\\Users\\kjeon\\OneDrive\\Desktop\\QA\\Say", "environment": {}, "summary": {"passed": 2, "skipped": 3, "failed": 1, "total": 6, "collected": 6}, "collectors": [{"nodeid": "", "outcome": "passed", "result": [{"nodeid": "tests/test_record.py", "type": "Module"}]}, {"nodeid": "tests/test_record.py", "outcome": "passed", "result": [{"nodeid": "tests/test_record.py::test_record_exist_customer[Mobile Chrome]", "type": "Function", "lineno": 5}, {"nodeid": "tests/test_record.py::test_record_exist_customer[PC Chrome]", "type": "Function", "lineno": 5}, {"nodeid": "tests/test_record.py::test_record_new_customer[Mobile Chrome]", "type": "Function", "lineno": 47}, {"nodeid": "tests/test_record.py::test_record_new_customer[PC Chrome]", "type": "Function", "lineno": 47}, {"nodeid": "tests/test_record.py::test_record_cancel[Mobile Chrome]", "type": "Function", "lineno": 88}, {"nodeid": "tests/test_record.py::test_record_cancel[PC Chrome]", "type": "Function", "lineno": 88}]}], "tests": [{"nodeid": "tests/test_record.py::test_record_exist_customer[Mobile Chrome]", "lineno": 5, "outcome": "passed", "keywords": ["test_record_exist_customer[Mobile Chrome]", "skip_browser", "pytestmark", "Mobile Chrome", "test_record.py", "tests", "Say", ""], "setup": {"duration": 1.1386722999159247, "outcome": "passed"}, "call": {"duration": 95.15004119998775, "outcome": "passed", "stdout": "\ud83c\udf99\ufe0f \ub179\uc74c \uc2dc\uac04 \uc120\ud0dd\ub428: 60\ucd08\n\ud83c\udf99\ufe0f \ub179\uc74c \uc2dc\uc791: 16:59\n\u23f8\ufe0f \uc77c\uc2dc\uc815\uc9c0\n\u25b6\ufe0f \uc7ac\uac1c\n\ud83d\udd52 \ud654\uba74 \ud45c\uae30 \uc2dc\uc791 \uc2dc\uac04: \uc0c1\ub2f4 \uc2dc\uc791 \uc2dc\uac04 | \uc624\ud6c4 4:59\n\u23f1\ufe0f \ud654\uba74 \ud45c\uae30 \ub179\uc74c \uc2dc\uac04: 01:08\n\u23f9\ufe0f \ub179\uc74c \uc885\ub8cc\n\u2705 \uc2dc\uc791 \uc2dc\uac04 \uc77c\uce58\n\u2705 \ub179\uc74c \uc2dc\uac04 \uc77c\uce58\n"}, "teardown": {"duration": 0.8259615999413654, "outcome": "passed"}}, {"nodeid": "tests/test_record.py::test_record_exist_customer[PC Chrome]", "lineno": 5, "outcome": "skipped", "keywords": ["test_record_exist_customer[PC Chrome]", "skip_browser", "pytestmark", "PC Chrome", "test_record.py", "tests", "Say", ""], "setup": {"duration": 1.0934880999848247, "outcome": "passed"}, "call": {"duration": 0.0005914999637752771, "outcome": "skipped", "longrepr": "('C:\\\\Users\\\\kjeon\\\\OneDrive\\\\Desktop\\\\QA\\\\Say\\\\tests\\\\test_record.py', 10, 'Skipped: \u274c \ubaa8\ubc14\uc77c \ud658\uacbd\uc5d0\uc11c\ub9cc \uc2e4\ud589\ub429\ub2c8\ub2e4.')"}, "teardown": {"duration": 0.6249987001065165, "outcome": "passed"}}, {"nodeid": "tests/test_record.py::test_record_new_customer[Mobile Chrome]", "lineno": 47, "outcome": "passed", "keywords": ["test_record_new_customer[Mobile Chrome]", "Mobile Chrome", "test_record.py", "tests", "Say", ""], "setup": {"duration": 1.1388830000068992, "outcome": "passed"}, "call": {"duration": 95.64967910002451, "outcome": "passed", "stdout": "\ud83c\udf99\ufe0f \ub179\uc74c \uc2dc\uac04 \uc120\ud0dd\ub428: 60\ucd08\n\ud83c\udf99\ufe0f \ub179\uc74c \uc2dc\uc791: 17:01\n\u23f8\ufe0f \uc77c\uc2dc\uc815\uc9c0\n\u25b6\ufe0f \uc7ac\uac1c\n\ud83d\udd52 \ud654\uba74 \ud45c\uae30 \uc2dc\uc791 \uc2dc\uac04: \uc0c1\ub2f4 \uc2dc\uc791 \uc2dc\uac04 | \uc624\ud6c4 5:01\n\u23f1\ufe0f \ud654\uba74 \ud45c\uae30 \ub179\uc74c \uc2dc\uac04: 01:10\n\u23f9\ufe0f \ub179\uc74c \uc885\ub8cc\n\u2705 \uc2dc\uc791 \uc2dc\uac04 \uc77c\uce58\n\u2705 \ub179\uc74c \uc2dc\uac04 \uc77c\uce58\n"}, "teardown": {"duration": 0.7994385999627411, "outcome": "passed"}}, {"nodeid": "tests/test_record.py::test_record_new_customer[PC Chrome]", "lineno": 47, "outcome": "skipped", "keywords": ["test_record_new_customer[PC Chrome]", "PC Chrome", "test_record.py", "tests", "Say", ""], "setup": {"duration": 1.3768980000168085, "outcome": "passed"}, "call": {"duration": 0.0004591000033542514, "outcome": "skipped", "longrepr": "('C:\\\\Users\\\\kjeon\\\\OneDrive\\\\Desktop\\\\QA\\\\Say\\\\tests\\\\test_record.py', 50, 'Skipped: \u274c \ubaa8\ubc14\uc77c \ud658\uacbd\uc5d0\uc11c\ub9cc \uc2e4\ud589\ub429\ub2c8\ub2e4.')"}, "teardown": {"duration": 0.869346100022085, "outcome": "passed"}}, {"nodeid": "tests/test_record.py::test_record_cancel[Mobile Chrome]", "lineno": 88, "outcome": "failed", "keywords": ["test_record_cancel[Mobile Chrome]", "Mobile Chrome", "test_record.py", "tests", "Say", ""], "setup": {"duration": 1.2924027000553906, "outcome": "passed"}, "call": {"duration": 21.41916599997785, "outcome": "failed", "crash": {"path": "C:\\Users\\kjeon\\OneDrive\\Desktop\\QA\\Say\\tests\\test_record.py", "lineno": 119, "message": "AssertionError: Locator expected to have text '\uc0c1\ub2f4\uc744 \ucde8\uc18c\ud560\uae4c\uc694?'\nActual value: <element(s) not found> \nCall log:\n  - LocatorAssertions.to_have_text with timeout 3000ms\n  -   - waiting for locator(\"[data-testid=\\\"txt_cancel\\\"]\")"}, "traceback": [{"path": "tests\\test_record.py", "lineno": 119, "message": "AssertionError"}], "longrepr": "page = <Page url='https://stg.say-rec.centurion.ai.kr/recording/1'>\ndevice_profile = {'device_scale_factor': 3, 'has_touch': True, 'is_mobile': True, 'user_agent': 'Mozilla/5.0 (Linux; Android 14; SM-S921N) AppleWebKit/537.36 (KHTML, like Gecko) Chrome/121.0.0.0 Mobile Safari/537.36', ...}\n\n    def test_record_cancel(page:Page, device_profile):\n        if not device_profile[\"is_mobile\"]:\n            pytest.skip(\"\u274c \ubaa8\ubc14\uc77c \ud658\uacbd\uc5d0\uc11c\ub9cc \uc2e4\ud589\ub429\ub2c8\ub2e4.\")\n    \n        counselor = \"QA \uacc4\uc815(\uad8c\uc815\uc758)\"\n        cust_name = \"\ud64d\uae38\ub3d9\"\n        cust_contact = \"01012345678\"\n        notice_cancel = \"\uc0c1\ub2f4\uc744 \ucde8\uc18c\ud560\uae4c\uc694?\"\n    \n        login(page, \"record\", \"testid_1\")\n    \n        page.locator('[data-testid=\"btn_customer_new\"]').click()\n        expect(page.locator(\"data-testid=txt_counselor_name\")).to_be_visible(timeout=3000)\n        text = page.locator('[data-testid=\"txt_counselor_name\"]').inner_text().strip()\n        acutual_counselor = text.split('\ub2d8')[0].strip()\n        assert counselor == acutual_counselor, f\"\uc0c1\ub2f4\uc0ac\uba85 \ubd88\uc77c\uce58: {counselor} != {acutual_counselor}\"\n        page.wait_for_timeout(1000)\n    \n        page.fill('[data-testid=\"input_customer_name\"]', cust_name)\n        page.wait_for_timeout(1000)\n        page.fill('[data-testid=\"input_contact\"]', cust_contact)\n        page.wait_for_timeout(1000)\n    \n        page.locator('[data-testid=\"btn_start\"]').click()\n        page.wait_for_timeout(1000)\n    \n        page.click('[data-testid=\"btn_start\"]')\n        page.wait_for_timeout(5000)\n        page.click('[data-testid=\"btn_cancel\"]')\n        page.wait_for_timeout(1000)\n>       expect(page.locator('[data-testid=\"txt_cancel\"]')).to_have_text(notice_cancel, timeout=3000)\nE       AssertionError: Locator expected to have text '\uc0c1\ub2f4\uc744 \ucde8\uc18c\ud560\uae4c\uc694?'\nE       Actual value: <element(s) not found> \nE       Call log:\nE         - LocatorAssertions.to_have_text with timeout 3000ms\nE         -   - waiting for locator(\"[data-testid=\\\"txt_cancel\\\"]\")\n\ntests\\test_record.py:119: AssertionError"}, "teardown": {"duration": 0.8365931999869645, "outcome": "passed"}}, {"nodeid": "tests/test_record.py::test_record_cancel[PC Chrome]", "lineno": 88, "outcome": "skipped", "keywords": ["test_record_cancel[PC Chrome]", "PC Chrome", "test_record.py", "tests", "Say", ""], "setup": {"duration": 1.219147800002247, "outcome": "passed"}, "call": {"duration": 0.00035740004386752844, "outcome": "skipped", "longrepr": "('C:\\\\Users\\\\kjeon\\\\OneDrive\\\\Desktop\\\\QA\\\\Say\\\\tests\\\\test_record.py', 91, 'Skipped: \u274c \ubaa8\ubc14\uc77c \ud658\uacbd\uc5d0\uc11c\ub9cc \uc2e4\ud589\ub429\ub2c8\ub2e4.')"}, "teardown": {"duration": 0.678947199950926, "outcome": "passed"}}]}